[debug] [2024-05-16T03:56:13.181Z] ----------------------------------------------------------------------
[debug] [2024-05-16T03:56:13.183Z] Command:       C:\Program Files\nodejs\node.exe C:\Users\Andrei\AppData\Roaming\npm\node_modules\firebase-tools\lib\bin\firebase.js init
[debug] [2024-05-16T03:56:13.184Z] CLI Version:   13.9.0
[debug] [2024-05-16T03:56:13.184Z] Platform:      win32
[debug] [2024-05-16T03:56:13.184Z] Node Version:  v21.1.0
[debug] [2024-05-16T03:56:13.184Z] Time:          Thu May 16 2024 06:56:13 GMT+0300 (Eastern European Summer Time)
[debug] [2024-05-16T03:56:13.184Z] ----------------------------------------------------------------------
[debug] 
[debug] [2024-05-16T03:56:13.190Z] > command requires scopes: ["email","openid","https://www.googleapis.com/auth/cloudplatformprojects.readonly","https://www.googleapis.com/auth/firebase","https://www.googleapis.com/auth/cloud-platform"]
[debug] [2024-05-16T03:56:13.190Z] > authorizing via signed-in user (tabacaruandrei20@gmail.com)
[info] 
     ######## #### ########  ######## ########     ###     ######  ########
     ##        ##  ##     ## ##       ##     ##  ##   ##  ##       ##
     ######    ##  ########  ######   ########  #########  ######  ######
     ##        ##  ##    ##  ##       ##     ## ##     ##       ## ##
     ##       #### ##     ## ######## ########  ##     ##  ######  ########

You're about to initialize a Firebase project in this directory:

  D:\Licenta\LicentaClient

[info] 
=== Project Setup
[info] 
[info] First, let's associate this project directory with a Firebase project.
[info] You can create multiple project aliases by running firebase use --add, 
[info] but for now we'll just set up a default project.
[info] 
[debug] [2024-05-16T03:56:50.895Z] >>> [apiv2][query] GET https://firebase.googleapis.com/v1beta1/projects pageSize=100
[debug] [2024-05-16T03:56:51.461Z] <<< [apiv2][status] GET https://firebase.googleapis.com/v1beta1/projects 200
[debug] [2024-05-16T03:56:51.461Z] <<< [apiv2][body] GET https://firebase.googleapis.com/v1beta1/projects [omitted]
[info] i  Using project easywheels-license (EasyWheels) 
[info] 
=== Hosting Setup
[debug] [2024-05-16T03:57:00.020Z] >>> [apiv2][query] GET https://firebase.googleapis.com/v1beta1/projects/easywheels-license [none]
[debug] [2024-05-16T03:57:00.371Z] <<< [apiv2][status] GET https://firebase.googleapis.com/v1beta1/projects/easywheels-license 200
[debug] [2024-05-16T03:57:00.371Z] <<< [apiv2][body] GET https://firebase.googleapis.com/v1beta1/projects/easywheels-license {"projectId":"easywheels-license","projectNumber":"682976436580","displayName":"EasyWheels","name":"projects/easywheels-license","resources":{"hostingSite":"easywheels-license"},"state":"ACTIVE","etag":"1_68369af5-9b8e-4cf0-bd0f-d2d722f4baa3"}
[info] 
[info] Your public directory is the folder (relative to your project directory) that
[info] will contain Hosting assets to be uploaded with firebase deploy. If you
[info] have a build process for your assets, use your build's output directory.
[info] 
